-------------------------------------------------------------------------------
Test set: NewTest
-------------------------------------------------------------------------------
Tests run: 2, Failures: 1, Errors: 0, Skipped: 0, Time elapsed: 12.153 s <<< FAILURE! - in NewTest
calculatepercent2  Time elapsed: 2.136 s  <<< FAILURE!
org.junit.ComparisonFailure: expected:<6[]> but was:<6[.0021]>
	at NewTest.calculatepercent2(NewTest.java:79)

