<?xml version="1.0" encoding="UTF-8"?>
<testsuite xmlns:xsi="http://www.w3.org/2001/XMLSchema-instance" xsi:noNamespaceSchemaLocation="https://maven.apache.org/surefire/maven-surefire-plugin/xsd/surefire-test-report.xsd" name="NewTest" time="15.298" tests="2" errors="0" skipped="0" failures="1">
  <properties>
[...]
</properties>
  <testcase name="calculatepercent1" classname="NewTest" time="3.785"/>
  <testcase name="calculatepercent2" classname="NewTest" time="2.612">
    <failure message="expected:&lt;6[]&gt; but was:&lt;6[.0021]&gt;" type="org.junit.ComparisonFailure"><![CDATA[org.junit.ComparisonFailure: expected:<6[]> but was:<6[.0021]>
	at NewTest.calculatepercent2(NewTest.java:83)
]]></failure>
    <system-out><![CDATA[ The Result is 6.0021
]]></system-out>
  </testcase>
</testsuite>